Unknown column 'FacultyName' in 'field list'Unknown column 'FacultyName' in 'field list'Unknown column 'FacultyName' in 'field list'Unknown column 'FacultyName' in 'field list'Unknown column 'FacultyName' in 'field list'
<div class="row">
        <!-- Content Column -->
        <?php
        $facultyPerbranch = $dataRetrieval->getfacultyPerBranch($facultyID);
        $totalStudent = 0;
        foreach ($facultyPerbranch as $student) {
            $totalStudent += $student['StudentCount'];
        }


        ?>
        <div class="col-lg-5 mb-4 d-flex align-items-stretch">
            <!-- Project Card Example -->
            <div class="card shadow w-100">
                <div class="card-header py-3">
                    <h6 class="m-0 font-weight-bold text-primary">Student Per Branches IN Faculty</h6>
                </div>
                <div class="card-body pb-3">
                    <?php foreach ($facultyPerbranch as $user) :
                        // Calculate percentage of total revenue
                        $percentage = ($user['StudentCount'] / $totalStudent) * 100;
                    ?>
                        <h4 class="small font-weight-bold">
                            <?= $user['BranchName']; ?>
                            <span class="float-right"><?= round($percentage, 2); ?>%</span>
                        </h4>
                        <div class="progress mb-4">
                            <div class="progress-bar bg-success" role="progressbar" style="width: <?= $percentage; ?>%" aria-valuenow="<?= $percentage; ?>" aria-valuemin="0" aria-valuemax="100"></div>
                        </div>
                    <?php endforeach; ?>
                </div>
            </div>
        </div>